<?xml version="1.0" encoding="UTF-8"?>
<!-- Generated by org.testng.reporters.JUnitXMLReporter -->
<testsuite hostname="SVRAGAVAN-PC" ignored="0" name="Default test" tests="3" failures="0" timestamp="2020-08-28T08:58:26 IST" time="70.809" errors="0">
  <testcase name="verifyStatusCode_negative" time="29.728" classname="testScripts.RestAPILaunches"/>
  <testcase name="getLaunches" time="32.114" classname="testScripts.RestAPILaunches"/>
  <testcase name="getLaunchDetails" time="8.761" classname="testScripts.RestAPILaunches"/>
</testsuite> <!-- Default test -->
